<?xml version="1.0" encoding="UTF-8"?>
<!-- Generated by org.testng.reporters.JUnitReportReporter -->
<testsuite hostname="LAPTOP-SUDF6Q5P" failures="0" tests="8" name="testcases" time="37.698" errors="0" timestamp="2023-12-09T19:26:28 EET" skipped="6">
  <testcase classname="testcases" name="checkhoteltab" time="37.336"/>
  <system-out/>
  <testcase classname="testcases" name="checkDate" time="0.362"/>
  <system-out/>
  <testcase classname="testcases" name="hotelscheck">
    <skipped/>
  </testcase> <!-- hotelscheck -->
  <system-out/>
  <testcase classname="testcases" name="checkthecurrency">
    <skipped/>
  </testcase> <!-- checkthecurrency -->
  <system-out/>
  <testcase classname="testcases" name="checklanguage">
    <skipped/>
  </testcase> <!-- checklanguage -->
  <system-out/>
  <testcase classname="testcases" name="checkthelanguges">
    <skipped/>
  </testcase> <!-- checkthelanguges -->
  <system-out/>
  <testcase classname="testcases" name="contactnumberCheck">
    <skipped/>
  </testcase> <!-- contactnumberCheck -->
  <system-out/>
  <testcase classname="testcases" name="Qaitcheck">
    <skipped/>
  </testcase> <!-- Qaitcheck -->
  <system-out/>
</testsuite> <!-- testcases -->
