<?xml version="1.0" encoding="UTF-8"?>
<!-- Generated by org.testng.reporters.JUnitReportReporter -->
<testsuite hostname="LAPTOP-SUDF6Q5P" failures="0" tests="8" name="testcases" time="28.485" errors="0" timestamp="2023-12-09T17:32:53 EET" skipped="7">
  <testcase classname="testcases" name="checkhoteltab" time="28.485"/>
  <system-out/>
  <testcase classname="testcases" name="hotelscheck">
    <skipped/>
  </testcase> <!-- hotelscheck -->
  <system-out/>
  <testcase classname="testcases" name="checkDate">
    <skipped/>
  </testcase> <!-- checkDate -->
  <system-out/>
  <testcase classname="testcases" name="checkthecurrency">
    <skipped/>
  </testcase> <!-- checkthecurrency -->
  <system-out/>
  <testcase classname="testcases" name="checklanguage">
    <skipped/>
  </testcase> <!-- checklanguage -->
  <system-out/>
  <testcase classname="testcases" name="checkthelanguges">
    <skipped/>
  </testcase> <!-- checkthelanguges -->
  <system-out/>
  <testcase classname="testcases" name="contactnumberCheck">
    <skipped/>
  </testcase> <!-- contactnumberCheck -->
  <system-out/>
  <testcase classname="testcases" name="Qaitcheck">
    <skipped/>
  </testcase> <!-- Qaitcheck -->
  <system-out/>
</testsuite> <!-- testcases -->
